<?xml version="1.0" encoding="UTF-8"?>
<testng-results ignored="0" total="1" passed="1" failed="0" skipped="0">
  <reporter-output>
  </reporter-output>
  <suite started-at="2020-09-17T00:35:08 IST" name="Default suite" finished-at="2020-09-17T00:35:41 IST" duration-ms="33394">
    <groups>
    </groups>
    <test started-at="2020-09-17T00:35:08 IST" name="Default test" finished-at="2020-09-17T00:35:41 IST" duration-ms="33394">
      <class name="Demo.Test1">
        <test-method is-config="true" signature="setUp()[pri:0, instance:Demo.Test1@7e0b85f9]" started-at="2020-09-17T00:35:08 IST" name="setUp" finished-at="2020-09-17T00:35:15 IST" duration-ms="7384" status="PASS">
          <reporter-output>
          </reporter-output>
        </test-method> <!-- setUp -->
        <test-method signature="test1()[pri:0, instance:Demo.Test1@7e0b85f9]" started-at="2020-09-17T00:35:15 IST" name="test1" finished-at="2020-09-17T00:35:40 IST" duration-ms="24546" status="PASS">
          <reporter-output>
          </reporter-output>
        </test-method> <!-- test1 -->
        <test-method is-config="true" signature="tearDown()[pri:0, instance:Demo.Test1@7e0b85f9]" started-at="2020-09-17T00:35:40 IST" name="tearDown" finished-at="2020-09-17T00:35:41 IST" duration-ms="1373" status="PASS">
          <reporter-output>
          </reporter-output>
        </test-method> <!-- tearDown -->
      </class> <!-- Demo.Test1 -->
    </test> <!-- Default test -->
  </suite> <!-- Default suite -->
</testng-results>
